

================================================================
Schneider Automation PLink program ver 2.5 - PID 19216

S T A R T                          [Fri, Sep 01, 2017  10:11:36]
________________________________________________________________

S T O P                            [Fri, Sep 01, 2017  10:11:36]

Schneider Automation PLink program ver 2.5 - PID 19216
================================================================




================================================================
Schneider Automation PLink program ver 2.5 - PID 19324

S T A R T                          [Fri, Sep 01, 2017  10:11:36]
________________________________________________________________

S T O P                            [Fri, Sep 01, 2017  10:11:36]

Schneider Automation PLink program ver 2.5 - PID 19324
================================================================




================================================================
Schneider Automation PLink program ver 2.5 - PID 15000

S T A R T                          [Fri, Sep 01, 2017  11:51:30]
________________________________________________________________
XThrow                             [Fri, Sep 01, 2017  11:51:30]

PID   - 15000
File  - H:\IOB_Unity\Sdk\Schneider_Tools\share\AppBuild\iob_objmaker\OFFObjFile.cpp (1193)
Error - E:C0650002 - 00000000
Data  -  -  -  -  -  -  -  -  -  -  -  -  -  -  -  -  -  -  -  -
The symbol named _$$PROG is not in the symbol table
________________________________________________________________
XThrow                             [Fri, Sep 01, 2017  11:51:30]

PID   - 15000
File  - H:\IOB_Unity\Sdk\Schneider_Tools\share\AppBuild\iob_objmaker\OFFObjFile.cpp (1193)
Error - E:C0650002 - 00000000
Data  -  -  -  -  -  -  -  -  -  -  -  -  -  -  -  -  -  -  -  -
The symbol named _LanguageEntryPoint is not in the symbol table
________________________________________________________________
XThrow                             [Fri, Sep 01, 2017  11:51:30]

PID   - 15000
File  - H:\IOB_Unity\Sdk\Schneider_Tools\share\AppBuild\iob_objmaker\OFFObjFile.cpp (1193)
Error - E:C0650002 - 00000000
Data  -  -  -  -  -  -  -  -  -  -  -  -  -  -  -  -  -  -  -  -
The symbol named _SystemEntryPoint is not in the symbol table
________________________________________________________________
XThrow                             [Fri, Sep 01, 2017  11:51:30]

PID   - 15000
File  - H:\IOB_Unity\Sdk\Schneider_Tools\share\AppBuild\iob_objmaker\OFFObjFile.cpp (1193)
Error - E:C0650002 - 00000000
Data  -  -  -  -  -  -  -  -  -  -  -  -  -  -  -  -  -  -  -  -
The symbol named _s_log_to_phy is not in the symbol table
________________________________________________________________
XThrow                             [Fri, Sep 01, 2017  11:51:30]

PID   - 15000
File  - H:\IOB_Unity\Sdk\Schneider_Tools\share\AppBuild\iob_objmaker\OFFObjFile.cpp (1193)
Error - E:C0650002 - 00000000
Data  -  -  -  -  -  -  -  -  -  -  -  -  -  -  -  -  -  -  -  -
The symbol named __clear87 is not in the symbol table
________________________________________________________________
XThrow                             [Fri, Sep 01, 2017  11:51:30]

PID   - 15000
File  - H:\IOB_Unity\Sdk\Schneider_Tools\share\AppBuild\iob_objmaker\OFFObjFile.cpp (1193)
Error - E:C0650002 - 00000000
Data  -  -  -  -  -  -  -  -  -  -  -  -  -  -  -  -  -  -  -  -
The symbol named _$$Ocllbk_fconst_2 is not in the symbol table
________________________________________________________________
XThrow                             [Fri, Sep 01, 2017  11:51:30]

PID   - 15000
File  - H:\IOB_Unity\Sdk\Schneider_Tools\share\AppBuild\iob_objmaker\OFFObjFile.cpp (1193)
Error - E:C0650002 - 00000000
Data  -  -  -  -  -  -  -  -  -  -  -  -  -  -  -  -  -  -  -  -
The symbol named _s_code is not in the symbol table
________________________________________________________________
XThrow                             [Fri, Sep 01, 2017  11:51:30]

PID   - 15000
File  - H:\IOB_Unity\Sdk\Schneider_Tools\share\AppBuild\iob_objmaker\OFFObjFile.cpp (1193)
Error - E:C0650002 - 00000000
Data  -  -  -  -  -  -  -  -  -  -  -  -  -  -  -  -  -  -  -  -
The symbol named _$$Ocllbk_fconst_1000 is not in the symbol table
________________________________________________________________
XThrow                             [Fri, Sep 01, 2017  11:51:30]

PID   - 15000
File  - H:\IOB_Unity\Sdk\Schneider_Tools\share\AppBuild\iob_objmaker\OFFObjFile.cpp (1193)
Error - E:C0650002 - 00000000
Data  -  -  -  -  -  -  -  -  -  -  -  -  -  -  -  -  -  -  -  -
The symbol named _$$Ocllbk_fconst_0 is not in the symbol table
________________________________________________________________
XThrow                             [Fri, Sep 01, 2017  11:51:30]

PID   - 15000
File  - H:\IOB_Unity\Sdk\Schneider_Tools\share\AppBuild\iob_objmaker\OFFObjFile.cpp (1193)
Error - E:C0650002 - 00000000
Data  -  -  -  -  -  -  -  -  -  -  -  -  -  -  -  -  -  -  -  -
The symbol named _s_AliGetProgStat is not in the symbol table
________________________________________________________________
XThrow                             [Fri, Sep 01, 2017  11:51:30]

PID   - 15000
File  - H:\IOB_Unity\Sdk\Schneider_Tools\share\AppBuild\iob_objmaker\OFFObjFile.cpp (1193)
Error - E:C0650002 - 00000000
Data  -  -  -  -  -  -  -  -  -  -  -  -  -  -  -  -  -  -  -  -
The symbol named _s_set_ffb_error is not in the symbol table
________________________________________________________________
XThrow                             [Fri, Sep 01, 2017  11:51:30]

PID   - 15000
File  - H:\IOB_Unity\Sdk\Schneider_Tools\share\AppBuild\iob_objmaker\OFFObjFile.cpp (1193)
Error - E:C0650002 - 00000000
Data  -  -  -  -  -  -  -  -  -  -  -  -  -  -  -  -  -  -  -  -
The symbol named _cllbk_fconst_2 is not in the symbol table
________________________________________________________________
XThrow                             [Fri, Sep 01, 2017  11:51:30]

PID   - 15000
File  - H:\IOB_Unity\Sdk\Schneider_Tools\share\AppBuild\iob_objmaker\OFFObjFile.cpp (1193)
Error - E:C0650002 - 00000000
Data  -  -  -  -  -  -  -  -  -  -  -  -  -  -  -  -  -  -  -  -
The symbol named _cllbk_fconst_1000 is not in the symbol table
________________________________________________________________
XThrow                             [Fri, Sep 01, 2017  11:51:30]

PID   - 15000
File  - H:\IOB_Unity\Sdk\Schneider_Tools\share\AppBuild\iob_objmaker\OFFObjFile.cpp (1193)
Error - E:C0650002 - 00000000
Data  -  -  -  -  -  -  -  -  -  -  -  -  -  -  -  -  -  -  -  -
The symbol named _cllbk_fconst_0 is not in the symbol table
________________________________________________________________
XThrow                             [Fri, Sep 01, 2017  11:51:30]

PID   - 15000
File  - H:\IOB_Unity\Sdk\Schneider_Tools\share\AppBuild\iob_objmaker\OFFObjFile.cpp (1193)
Error - E:C0650002 - 00000000
Data  -  -  -  -  -  -  -  -  -  -  -  -  -  -  -  -  -  -  -  -
The symbol named _s_mask_status is not in the symbol table
________________________________________________________________
XThrow                             [Fri, Sep 01, 2017  11:51:30]

PID   - 15000
File  - H:\IOB_Unity\Sdk\Schneider_Tools\share\AppBuild\iob_objmaker\OFFObjFile.cpp (1193)
Error - E:C0650002 - 00000000
Data  -  -  -  -  -  -  -  -  -  -  -  -  -  -  -  -  -  -  -  -
The symbol named __status87 is not in the symbol table
________________________________________________________________
XThrow                             [Fri, Sep 01, 2017  11:51:30]

PID   - 15000
File  - H:\IOB_Unity\Sdk\Schneider_Tools\share\AppBuild\iob_objmaker\OFFObjFile.cpp (1193)
Error - E:C0650002 - 00000000
Data  -  -  -  -  -  -  -  -  -  -  -  -  -  -  -  -  -  -  -  -
The symbol named _s_diag_RegFbErrorIO is not in the symbol table
________________________________________________________________
XThrow                             [Fri, Sep 01, 2017  11:51:30]

PID   - 15000
File  - H:\IOB_Unity\Sdk\Schneider_Tools\share\AppBuild\iob_objmaker\OFFObjFile.cpp (1193)
Error - E:C0650002 - 00000000
Data  -  -  -  -  -  -  -  -  -  -  -  -  -  -  -  -  -  -  -  -
The symbol named _s_diag_RegFbErrorExt is not in the symbol table
________________________________________________________________
XThrow                             [Fri, Sep 01, 2017  11:51:30]

PID   - 15000
File  - H:\IOB_Unity\Sdk\Schneider_Tools\share\AppBuild\iob_objmaker\OFFObjFile.cpp (1193)
Error - E:C0650002 - 00000000
Data  -  -  -  -  -  -  -  -  -  -  -  -  -  -  -  -  -  -  -  -
The symbol named _s_diag_DeregisterError is not in the symbol table
________________________________________________________________
XThrow                             [Fri, Sep 01, 2017  11:51:30]

PID   - 15000
File  - H:\IOB_Unity\Sdk\Schneider_Tools\share\AppBuild\iob_objmaker\OFFObjFile.cpp (1193)
Error - E:C0650002 - 00000000
Data  -  -  -  -  -  -  -  -  -  -  -  -  -  -  -  -  -  -  -  -
The symbol named _s_diag_RegisterExtError is not in the symbol table
________________________________________________________________
XThrow                             [Fri, Sep 01, 2017  11:51:30]

PID   - 15000
File  - H:\IOB_Unity\Sdk\Schneider_Tools\share\AppBuild\iob_objmaker\OFFObjFile.cpp (1193)
Error - E:C0650002 - 00000000
Data  -  -  -  -  -  -  -  -  -  -  -  -  -  -  -  -  -  -  -  -
The symbol named _s_set_ffb_error_addi is not in the symbol table
________________________________________________________________
XThrow                             [Fri, Sep 01, 2017  11:51:30]

PID   - 15000
File  - H:\IOB_Unity\Sdk\Schneider_Tools\share\AppBuild\iob_objmaker\OFFObjFile.cpp (1193)
Error - E:C0650002 - 00000000
Data  -  -  -  -  -  -  -  -  -  -  -  -  -  -  -  -  -  -  -  -
The symbol named _s_diag_RegFbError is not in the symbol table
________________________________________________________________
XThrow                             [Fri, Sep 01, 2017  11:51:30]

PID   - 15000
File  - H:\IOB_Unity\Sdk\Schneider_Tools\share\AppBuild\iob_objmaker\OFFObjFile.cpp (1193)
Error - E:C0650002 - 00000000
Data  -  -  -  -  -  -  -  -  -  -  -  -  -  -  -  -  -  -  -  -
The symbol named _$P$ptr_sys_call is not in the symbol table
________________________________________________________________
XThrow                             [Fri, Sep 01, 2017  11:51:30]

PID   - 15000
File  - H:\IOB_Unity\Sdk\Schneider_Tools\share\AppBuild\iob_objmaker\OFFObjFile.cpp (1193)
Error - E:C0650002 - 00000000
Data  -  -  -  -  -  -  -  -  -  -  -  -  -  -  -  -  -  -  -  -
The symbol named _cllbk_label is not in the symbol table
________________________________________________________________
XThrow                             [Fri, Sep 01, 2017  11:51:30]

PID   - 15000
File  - H:\IOB_Unity\Sdk\Schneider_Tools\share\AppBuild\iob_objmaker\OFFObjFile.cpp (1193)
Error - E:C0650002 - 00000000
Data  -  -  -  -  -  -  -  -  -  -  -  -  -  -  -  -  -  -  -  -
The symbol named _$$Ocllbk_label is not in the symbol table
________________________________________________________________

S T O P                            [Fri, Sep 01, 2017  11:51:30]

Schneider Automation PLink program ver 2.5 - PID 15000
================================================================




================================================================
Schneider Automation PLink program ver 2.5 - PID 17732

S T A R T                          [Fri, Sep 01, 2017  11:51:30]
________________________________________________________________
XThrow                             [Fri, Sep 01, 2017  11:51:30]

PID   - 17732
File  - H:\IOB_Unity\Sdk\Schneider_Tools\share\AppBuild\iob_objmaker\OFFObjFile.cpp (1193)
Error - E:C0650002 - 00000000
Data  -  -  -  -  -  -  -  -  -  -  -  -  -  -  -  -  -  -  -  -
The symbol named _INTEGRATOR_DR is not in the symbol table
________________________________________________________________
XThrow                             [Fri, Sep 01, 2017  11:51:30]

PID   - 17732
File  - H:\IOB_Unity\Sdk\Schneider_Tools\share\AppBuild\iob_objmaker\OFFObjFile.cpp (1193)
Error - E:C0650002 - 00000000
Data  -  -  -  -  -  -  -  -  -  -  -  -  -  -  -  -  -  -  -  -
The symbol named _INTEGRATOR_DR_label is not in the symbol table
________________________________________________________________
XThrow                             [Fri, Sep 01, 2017  11:51:30]

PID   - 17732
File  - H:\IOB_Unity\Sdk\Schneider_Tools\share\AppBuild\iob_objmaker\OFFObjFile.cpp (1193)
Error - E:C0650002 - 00000000
Data  -  -  -  -  -  -  -  -  -  -  -  -  -  -  -  -  -  -  -  -
The symbol named _INTEGRATOR_DR_fconst_0 is not in the symbol table
________________________________________________________________
XThrow                             [Fri, Sep 01, 2017  11:51:30]

PID   - 17732
File  - H:\IOB_Unity\Sdk\Schneider_Tools\share\AppBuild\iob_objmaker\OFFObjFile.cpp (1193)
Error - E:C0650002 - 00000000
Data  -  -  -  -  -  -  -  -  -  -  -  -  -  -  -  -  -  -  -  -
The symbol named _INTEGRATOR_DR_fconst_1000 is not in the symbol table
________________________________________________________________
XThrow                             [Fri, Sep 01, 2017  11:51:30]

PID   - 17732
File  - H:\IOB_Unity\Sdk\Schneider_Tools\share\AppBuild\iob_objmaker\OFFObjFile.cpp (1193)
Error - E:C0650002 - 00000000
Data  -  -  -  -  -  -  -  -  -  -  -  -  -  -  -  -  -  -  -  -
The symbol named _INTEGRATOR_DR_fconst_2 is not in the symbol table
________________________________________________________________

S T O P                            [Fri, Sep 01, 2017  11:51:30]

Schneider Automation PLink program ver 2.5 - PID 17732
================================================================




================================================================
Schneider Automation PLink program ver 2.5 - PID 16840

S T A R T                          [Fri, Sep 01, 2017  11:51:30]
________________________________________________________________

S T O P                            [Fri, Sep 01, 2017  11:51:30]

Schneider Automation PLink program ver 2.5 - PID 16840
================================================================




================================================================
Schneider Automation PLink program ver 2.5 - PID 19636

S T A R T                          [Fri, Sep 01, 2017  11:51:30]
________________________________________________________________

S T O P                            [Fri, Sep 01, 2017  11:51:30]

Schneider Automation PLink program ver 2.5 - PID 19636
================================================================




================================================================
Schneider Automation PLink program ver 2.5 - PID 20124

S T A R T                          [Fri, Sep 01, 2017  11:56:06]
________________________________________________________________
XThrow                             [Fri, Sep 01, 2017  11:56:06]

PID   - 20124
File  - H:\IOB_Unity\Sdk\Schneider_Tools\share\AppBuild\iob_objmaker\OFFObjFile.cpp (1193)
Error - E:C0650002 - 00000000
Data  -  -  -  -  -  -  -  -  -  -  -  -  -  -  -  -  -  -  -  -
The symbol named _$$PROG is not in the symbol table
________________________________________________________________
XThrow                             [Fri, Sep 01, 2017  11:56:06]

PID   - 20124
File  - H:\IOB_Unity\Sdk\Schneider_Tools\share\AppBuild\iob_objmaker\OFFObjFile.cpp (1193)
Error - E:C0650002 - 00000000
Data  -  -  -  -  -  -  -  -  -  -  -  -  -  -  -  -  -  -  -  -
The symbol named _LanguageEntryPoint is not in the symbol table
________________________________________________________________
XThrow                             [Fri, Sep 01, 2017  11:56:06]

PID   - 20124
File  - H:\IOB_Unity\Sdk\Schneider_Tools\share\AppBuild\iob_objmaker\OFFObjFile.cpp (1193)
Error - E:C0650002 - 00000000
Data  -  -  -  -  -  -  -  -  -  -  -  -  -  -  -  -  -  -  -  -
The symbol named _SystemEntryPoint is not in the symbol table
________________________________________________________________
XThrow                             [Fri, Sep 01, 2017  11:56:06]

PID   - 20124
File  - H:\IOB_Unity\Sdk\Schneider_Tools\share\AppBuild\iob_objmaker\OFFObjFile.cpp (1193)
Error - E:C0650002 - 00000000
Data  -  -  -  -  -  -  -  -  -  -  -  -  -  -  -  -  -  -  -  -
The symbol named _s_log_to_phy is not in the symbol table
________________________________________________________________
XThrow                             [Fri, Sep 01, 2017  11:56:06]

PID   - 20124
File  - H:\IOB_Unity\Sdk\Schneider_Tools\share\AppBuild\iob_objmaker\OFFObjFile.cpp (1193)
Error - E:C0650002 - 00000000
Data  -  -  -  -  -  -  -  -  -  -  -  -  -  -  -  -  -  -  -  -
The symbol named __clear87 is not in the symbol table
________________________________________________________________
XThrow                             [Fri, Sep 01, 2017  11:56:06]

PID   - 20124
File  - H:\IOB_Unity\Sdk\Schneider_Tools\share\AppBuild\iob_objmaker\OFFObjFile.cpp (1193)
Error - E:C0650002 - 00000000
Data  -  -  -  -  -  -  -  -  -  -  -  -  -  -  -  -  -  -  -  -
The symbol named _$$Ocllbk_fconst_2 is not in the symbol table
________________________________________________________________
XThrow                             [Fri, Sep 01, 2017  11:56:06]

PID   - 20124
File  - H:\IOB_Unity\Sdk\Schneider_Tools\share\AppBuild\iob_objmaker\OFFObjFile.cpp (1193)
Error - E:C0650002 - 00000000
Data  -  -  -  -  -  -  -  -  -  -  -  -  -  -  -  -  -  -  -  -
The symbol named _s_code is not in the symbol table
________________________________________________________________
XThrow                             [Fri, Sep 01, 2017  11:56:06]

PID   - 20124
File  - H:\IOB_Unity\Sdk\Schneider_Tools\share\AppBuild\iob_objmaker\OFFObjFile.cpp (1193)
Error - E:C0650002 - 00000000
Data  -  -  -  -  -  -  -  -  -  -  -  -  -  -  -  -  -  -  -  -
The symbol named _$$Ocllbk_fconst_1000 is not in the symbol table
________________________________________________________________
XThrow                             [Fri, Sep 01, 2017  11:56:06]

PID   - 20124
File  - H:\IOB_Unity\Sdk\Schneider_Tools\share\AppBuild\iob_objmaker\OFFObjFile.cpp (1193)
Error - E:C0650002 - 00000000
Data  -  -  -  -  -  -  -  -  -  -  -  -  -  -  -  -  -  -  -  -
The symbol named _$$Ocllbk_fconst_0 is not in the symbol table
________________________________________________________________
XThrow                             [Fri, Sep 01, 2017  11:56:06]

PID   - 20124
File  - H:\IOB_Unity\Sdk\Schneider_Tools\share\AppBuild\iob_objmaker\OFFObjFile.cpp (1193)
Error - E:C0650002 - 00000000
Data  -  -  -  -  -  -  -  -  -  -  -  -  -  -  -  -  -  -  -  -
The symbol named _s_AliGetProgStat is not in the symbol table
________________________________________________________________
XThrow                             [Fri, Sep 01, 2017  11:56:06]

PID   - 20124
File  - H:\IOB_Unity\Sdk\Schneider_Tools\share\AppBuild\iob_objmaker\OFFObjFile.cpp (1193)
Error - E:C0650002 - 00000000
Data  -  -  -  -  -  -  -  -  -  -  -  -  -  -  -  -  -  -  -  -
The symbol named _s_set_ffb_error is not in the symbol table
________________________________________________________________
XThrow                             [Fri, Sep 01, 2017  11:56:06]

PID   - 20124
File  - H:\IOB_Unity\Sdk\Schneider_Tools\share\AppBuild\iob_objmaker\OFFObjFile.cpp (1193)
Error - E:C0650002 - 00000000
Data  -  -  -  -  -  -  -  -  -  -  -  -  -  -  -  -  -  -  -  -
The symbol named _cllbk_fconst_2 is not in the symbol table
________________________________________________________________
XThrow                             [Fri, Sep 01, 2017  11:56:06]

PID   - 20124
File  - H:\IOB_Unity\Sdk\Schneider_Tools\share\AppBuild\iob_objmaker\OFFObjFile.cpp (1193)
Error - E:C0650002 - 00000000
Data  -  -  -  -  -  -  -  -  -  -  -  -  -  -  -  -  -  -  -  -
The symbol named _cllbk_fconst_1000 is not in the symbol table
________________________________________________________________
XThrow                             [Fri, Sep 01, 2017  11:56:06]

PID   - 20124
File  - H:\IOB_Unity\Sdk\Schneider_Tools\share\AppBuild\iob_objmaker\OFFObjFile.cpp (1193)
Error - E:C0650002 - 00000000
Data  -  -  -  -  -  -  -  -  -  -  -  -  -  -  -  -  -  -  -  -
The symbol named _cllbk_fconst_0 is not in the symbol table
________________________________________________________________
XThrow                             [Fri, Sep 01, 2017  11:56:06]

PID   - 20124
File  - H:\IOB_Unity\Sdk\Schneider_Tools\share\AppBuild\iob_objmaker\OFFObjFile.cpp (1193)
Error - E:C0650002 - 00000000
Data  -  -  -  -  -  -  -  -  -  -  -  -  -  -  -  -  -  -  -  -
The symbol named _s_mask_status is not in the symbol table
________________________________________________________________
XThrow                             [Fri, Sep 01, 2017  11:56:06]

PID   - 20124
File  - H:\IOB_Unity\Sdk\Schneider_Tools\share\AppBuild\iob_objmaker\OFFObjFile.cpp (1193)
Error - E:C0650002 - 00000000
Data  -  -  -  -  -  -  -  -  -  -  -  -  -  -  -  -  -  -  -  -
The symbol named __status87 is not in the symbol table
________________________________________________________________
XThrow                             [Fri, Sep 01, 2017  11:56:06]

PID   - 20124
File  - H:\IOB_Unity\Sdk\Schneider_Tools\share\AppBuild\iob_objmaker\OFFObjFile.cpp (1193)
Error - E:C0650002 - 00000000
Data  -  -  -  -  -  -  -  -  -  -  -  -  -  -  -  -  -  -  -  -
The symbol named _s_diag_RegFbErrorIO is not in the symbol table
________________________________________________________________
XThrow                             [Fri, Sep 01, 2017  11:56:06]

PID   - 20124
File  - H:\IOB_Unity\Sdk\Schneider_Tools\share\AppBuild\iob_objmaker\OFFObjFile.cpp (1193)
Error - E:C0650002 - 00000000
Data  -  -  -  -  -  -  -  -  -  -  -  -  -  -  -  -  -  -  -  -
The symbol named _s_diag_RegFbErrorExt is not in the symbol table
________________________________________________________________
XThrow                             [Fri, Sep 01, 2017  11:56:06]

PID   - 20124
File  - H:\IOB_Unity\Sdk\Schneider_Tools\share\AppBuild\iob_objmaker\OFFObjFile.cpp (1193)
Error - E:C0650002 - 00000000
Data  -  -  -  -  -  -  -  -  -  -  -  -  -  -  -  -  -  -  -  -
The symbol named _s_diag_DeregisterError is not in the symbol table
________________________________________________________________
XThrow                             [Fri, Sep 01, 2017  11:56:06]

PID   - 20124
File  - H:\IOB_Unity\Sdk\Schneider_Tools\share\AppBuild\iob_objmaker\OFFObjFile.cpp (1193)
Error - E:C0650002 - 00000000
Data  -  -  -  -  -  -  -  -  -  -  -  -  -  -  -  -  -  -  -  -
The symbol named _s_diag_RegisterExtError is not in the symbol table
________________________________________________________________
XThrow                             [Fri, Sep 01, 2017  11:56:06]

PID   - 20124
File  - H:\IOB_Unity\Sdk\Schneider_Tools\share\AppBuild\iob_objmaker\OFFObjFile.cpp (1193)
Error - E:C0650002 - 00000000
Data  -  -  -  -  -  -  -  -  -  -  -  -  -  -  -  -  -  -  -  -
The symbol named _s_set_ffb_error_addi is not in the symbol table
________________________________________________________________
XThrow                             [Fri, Sep 01, 2017  11:56:06]

PID   - 20124
File  - H:\IOB_Unity\Sdk\Schneider_Tools\share\AppBuild\iob_objmaker\OFFObjFile.cpp (1193)
Error - E:C0650002 - 00000000
Data  -  -  -  -  -  -  -  -  -  -  -  -  -  -  -  -  -  -  -  -
The symbol named _s_diag_RegFbError is not in the symbol table
________________________________________________________________
XThrow                             [Fri, Sep 01, 2017  11:56:06]

PID   - 20124
File  - H:\IOB_Unity\Sdk\Schneider_Tools\share\AppBuild\iob_objmaker\OFFObjFile.cpp (1193)
Error - E:C0650002 - 00000000
Data  -  -  -  -  -  -  -  -  -  -  -  -  -  -  -  -  -  -  -  -
The symbol named _$P$ptr_sys_call is not in the symbol table
________________________________________________________________
XThrow                             [Fri, Sep 01, 2017  11:56:06]

PID   - 20124
File  - H:\IOB_Unity\Sdk\Schneider_Tools\share\AppBuild\iob_objmaker\OFFObjFile.cpp (1193)
Error - E:C0650002 - 00000000
Data  -  -  -  -  -  -  -  -  -  -  -  -  -  -  -  -  -  -  -  -
The symbol named _cllbk_label is not in the symbol table
________________________________________________________________
XThrow                             [Fri, Sep 01, 2017  11:56:06]

PID   - 20124
File  - H:\IOB_Unity\Sdk\Schneider_Tools\share\AppBuild\iob_objmaker\OFFObjFile.cpp (1193)
Error - E:C0650002 - 00000000
Data  -  -  -  -  -  -  -  -  -  -  -  -  -  -  -  -  -  -  -  -
The symbol named _$$Ocllbk_label is not in the symbol table
________________________________________________________________

S T O P                            [Fri, Sep 01, 2017  11:56:06]

Schneider Automation PLink program ver 2.5 - PID 20124
================================================================




================================================================
Schneider Automation PLink program ver 2.5 - PID 9816

S T A R T                          [Fri, Sep 01, 2017  11:56:06]
________________________________________________________________
XThrow                             [Fri, Sep 01, 2017  11:56:06]

PID   - 9816
File  - H:\IOB_Unity\Sdk\Schneider_Tools\share\AppBuild\iob_objmaker\OFFObjFile.cpp (1193)
Error - E:C0650002 - 00000000
Data  -  -  -  -  -  -  -  -  -  -  -  -  -  -  -  -  -  -  -  -
The symbol named _INTEGRATOR_DR is not in the symbol table
________________________________________________________________
XThrow                             [Fri, Sep 01, 2017  11:56:06]

PID   - 9816
File  - H:\IOB_Unity\Sdk\Schneider_Tools\share\AppBuild\iob_objmaker\OFFObjFile.cpp (1193)
Error - E:C0650002 - 00000000
Data  -  -  -  -  -  -  -  -  -  -  -  -  -  -  -  -  -  -  -  -
The symbol named _INTEGRATOR_DR_label is not in the symbol table
________________________________________________________________
XThrow                             [Fri, Sep 01, 2017  11:56:06]

PID   - 9816
File  - H:\IOB_Unity\Sdk\Schneider_Tools\share\AppBuild\iob_objmaker\OFFObjFile.cpp (1193)
Error - E:C0650002 - 00000000
Data  -  -  -  -  -  -  -  -  -  -  -  -  -  -  -  -  -  -  -  -
The symbol named _INTEGRATOR_DR_fconst_0 is not in the symbol table
________________________________________________________________
XThrow                             [Fri, Sep 01, 2017  11:56:06]

PID   - 9816
File  - H:\IOB_Unity\Sdk\Schneider_Tools\share\AppBuild\iob_objmaker\OFFObjFile.cpp (1193)
Error - E:C0650002 - 00000000
Data  -  -  -  -  -  -  -  -  -  -  -  -  -  -  -  -  -  -  -  -
The symbol named _INTEGRATOR_DR_fconst_1000 is not in the symbol table
________________________________________________________________
XThrow                             [Fri, Sep 01, 2017  11:56:06]

PID   - 9816
File  - H:\IOB_Unity\Sdk\Schneider_Tools\share\AppBuild\iob_objmaker\OFFObjFile.cpp (1193)
Error - E:C0650002 - 00000000
Data  -  -  -  -  -  -  -  -  -  -  -  -  -  -  -  -  -  -  -  -
The symbol named _INTEGRATOR_DR_fconst_2 is not in the symbol table
________________________________________________________________

S T O P                            [Fri, Sep 01, 2017  11:56:06]

Schneider Automation PLink program ver 2.5 - PID 9816
================================================================




================================================================
Schneider Automation PLink program ver 2.5 - PID 19436

S T A R T                          [Fri, Sep 01, 2017  11:56:06]
________________________________________________________________

S T O P                            [Fri, Sep 01, 2017  11:56:06]

Schneider Automation PLink program ver 2.5 - PID 19436
================================================================




================================================================
Schneider Automation PLink program ver 2.5 - PID 18616

S T A R T                          [Fri, Sep 01, 2017  11:56:06]
________________________________________________________________

S T O P                            [Fri, Sep 01, 2017  11:56:06]

Schneider Automation PLink program ver 2.5 - PID 18616
================================================================




================================================================
Schneider Automation PLink program ver 2.5 - PID 13876

S T A R T                          [Fri, Sep 01, 2017  13:28:16]
________________________________________________________________
XThrow                             [Fri, Sep 01, 2017  13:28:16]

PID   - 13876
File  - H:\IOB_Unity\Sdk\Schneider_Tools\share\AppBuild\iob_objmaker\OFFObjFile.cpp (1193)
Error - E:C0650002 - 00000000
Data  -  -  -  -  -  -  -  -  -  -  -  -  -  -  -  -  -  -  -  -
The symbol named _$$PROG is not in the symbol table
________________________________________________________________
XThrow                             [Fri, Sep 01, 2017  13:28:16]

PID   - 13876
File  - H:\IOB_Unity\Sdk\Schneider_Tools\share\AppBuild\iob_objmaker\OFFObjFile.cpp (1193)
Error - E:C0650002 - 00000000
Data  -  -  -  -  -  -  -  -  -  -  -  -  -  -  -  -  -  -  -  -
The symbol named _LanguageEntryPoint is not in the symbol table
________________________________________________________________
XThrow                             [Fri, Sep 01, 2017  13:28:16]

PID   - 13876
File  - H:\IOB_Unity\Sdk\Schneider_Tools\share\AppBuild\iob_objmaker\OFFObjFile.cpp (1193)
Error - E:C0650002 - 00000000
Data  -  -  -  -  -  -  -  -  -  -  -  -  -  -  -  -  -  -  -  -
The symbol named _SystemEntryPoint is not in the symbol table
________________________________________________________________
XThrow                             [Fri, Sep 01, 2017  13:28:16]

PID   - 13876
File  - H:\IOB_Unity\Sdk\Schneider_Tools\share\AppBuild\iob_objmaker\OFFObjFile.cpp (1193)
Error - E:C0650002 - 00000000
Data  -  -  -  -  -  -  -  -  -  -  -  -  -  -  -  -  -  -  -  -
The symbol named _s_log_to_phy is not in the symbol table
________________________________________________________________
XThrow                             [Fri, Sep 01, 2017  13:28:16]

PID   - 13876
File  - H:\IOB_Unity\Sdk\Schneider_Tools\share\AppBuild\iob_objmaker\OFFObjFile.cpp (1193)
Error - E:C0650002 - 00000000
Data  -  -  -  -  -  -  -  -  -  -  -  -  -  -  -  -  -  -  -  -
The symbol named __clear87 is not in the symbol table
________________________________________________________________
XThrow                             [Fri, Sep 01, 2017  13:28:16]

PID   - 13876
File  - H:\IOB_Unity\Sdk\Schneider_Tools\share\AppBuild\iob_objmaker\OFFObjFile.cpp (1193)
Error - E:C0650002 - 00000000
Data  -  -  -  -  -  -  -  -  -  -  -  -  -  -  -  -  -  -  -  -
The symbol named _$$Ocllbk_fconst_2 is not in the symbol table
________________________________________________________________
XThrow                             [Fri, Sep 01, 2017  13:28:16]

PID   - 13876
File  - H:\IOB_Unity\Sdk\Schneider_Tools\share\AppBuild\iob_objmaker\OFFObjFile.cpp (1193)
Error - E:C0650002 - 00000000
Data  -  -  -  -  -  -  -  -  -  -  -  -  -  -  -  -  -  -  -  -
The symbol named _s_code is not in the symbol table
________________________________________________________________
XThrow                             [Fri, Sep 01, 2017  13:28:16]

PID   - 13876
File  - H:\IOB_Unity\Sdk\Schneider_Tools\share\AppBuild\iob_objmaker\OFFObjFile.cpp (1193)
Error - E:C0650002 - 00000000
Data  -  -  -  -  -  -  -  -  -  -  -  -  -  -  -  -  -  -  -  -
The symbol named _$$Ocllbk_fconst_1000 is not in the symbol table
________________________________________________________________
XThrow                             [Fri, Sep 01, 2017  13:28:16]

PID   - 13876
File  - H:\IOB_Unity\Sdk\Schneider_Tools\share\AppBuild\iob_objmaker\OFFObjFile.cpp (1193)
Error - E:C0650002 - 00000000
Data  -  -  -  -  -  -  -  -  -  -  -  -  -  -  -  -  -  -  -  -
The symbol named _$$Ocllbk_fconst_0 is not in the symbol table
________________________________________________________________
XThrow                             [Fri, Sep 01, 2017  13:28:16]

PID   - 13876
File  - H:\IOB_Unity\Sdk\Schneider_Tools\share\AppBuild\iob_objmaker\OFFObjFile.cpp (1193)
Error - E:C0650002 - 00000000
Data  -  -  -  -  -  -  -  -  -  -  -  -  -  -  -  -  -  -  -  -
The symbol named _s_AliGetProgStat is not in the symbol table
________________________________________________________________
XThrow                             [Fri, Sep 01, 2017  13:28:16]

PID   - 13876
File  - H:\IOB_Unity\Sdk\Schneider_Tools\share\AppBuild\iob_objmaker\OFFObjFile.cpp (1193)
Error - E:C0650002 - 00000000
Data  -  -  -  -  -  -  -  -  -  -  -  -  -  -  -  -  -  -  -  -
The symbol named _s_set_ffb_error is not in the symbol table
________________________________________________________________
XThrow                             [Fri, Sep 01, 2017  13:28:16]

PID   - 13876
File  - H:\IOB_Unity\Sdk\Schneider_Tools\share\AppBuild\iob_objmaker\OFFObjFile.cpp (1193)
Error - E:C0650002 - 00000000
Data  -  -  -  -  -  -  -  -  -  -  -  -  -  -  -  -  -  -  -  -
The symbol named _cllbk_fconst_2 is not in the symbol table
________________________________________________________________
XThrow                             [Fri, Sep 01, 2017  13:28:16]

PID   - 13876
File  - H:\IOB_Unity\Sdk\Schneider_Tools\share\AppBuild\iob_objmaker\OFFObjFile.cpp (1193)
Error - E:C0650002 - 00000000
Data  -  -  -  -  -  -  -  -  -  -  -  -  -  -  -  -  -  -  -  -
The symbol named _cllbk_fconst_1000 is not in the symbol table
________________________________________________________________
XThrow                             [Fri, Sep 01, 2017  13:28:16]

PID   - 13876
File  - H:\IOB_Unity\Sdk\Schneider_Tools\share\AppBuild\iob_objmaker\OFFObjFile.cpp (1193)
Error - E:C0650002 - 00000000
Data  -  -  -  -  -  -  -  -  -  -  -  -  -  -  -  -  -  -  -  -
The symbol named _cllbk_fconst_0 is not in the symbol table
________________________________________________________________
XThrow                             [Fri, Sep 01, 2017  13:28:16]

PID   - 13876
File  - H:\IOB_Unity\Sdk\Schneider_Tools\share\AppBuild\iob_objmaker\OFFObjFile.cpp (1193)
Error - E:C0650002 - 00000000
Data  -  -  -  -  -  -  -  -  -  -  -  -  -  -  -  -  -  -  -  -
The symbol named _s_mask_status is not in the symbol table
________________________________________________________________
XThrow                             [Fri, Sep 01, 2017  13:28:16]

PID   - 13876
File  - H:\IOB_Unity\Sdk\Schneider_Tools\share\AppBuild\iob_objmaker\OFFObjFile.cpp (1193)
Error - E:C0650002 - 00000000
Data  -  -  -  -  -  -  -  -  -  -  -  -  -  -  -  -  -  -  -  -
The symbol named __status87 is not in the symbol table
________________________________________________________________
XThrow                             [Fri, Sep 01, 2017  13:28:16]

PID   - 13876
File  - H:\IOB_Unity\Sdk\Schneider_Tools\share\AppBuild\iob_objmaker\OFFObjFile.cpp (1193)
Error - E:C0650002 - 00000000
Data  -  -  -  -  -  -  -  -  -  -  -  -  -  -  -  -  -  -  -  -
The symbol named _s_diag_RegFbErrorIO is not in the symbol table
________________________________________________________________
XThrow                             [Fri, Sep 01, 2017  13:28:16]

PID   - 13876
File  - H:\IOB_Unity\Sdk\Schneider_Tools\share\AppBuild\iob_objmaker\OFFObjFile.cpp (1193)
Error - E:C0650002 - 00000000
Data  -  -  -  -  -  -  -  -  -  -  -  -  -  -  -  -  -  -  -  -
The symbol named _s_diag_RegFbErrorExt is not in the symbol table
________________________________________________________________
XThrow                             [Fri, Sep 01, 2017  13:28:16]

PID   - 13876
File  - H:\IOB_Unity\Sdk\Schneider_Tools\share\AppBuild\iob_objmaker\OFFObjFile.cpp (1193)
Error - E:C0650002 - 00000000
Data  -  -  -  -  -  -  -  -  -  -  -  -  -  -  -  -  -  -  -  -
The symbol named _s_diag_DeregisterError is not in the symbol table
________________________________________________________________
XThrow                             [Fri, Sep 01, 2017  13:28:16]

PID   - 13876
File  - H:\IOB_Unity\Sdk\Schneider_Tools\share\AppBuild\iob_objmaker\OFFObjFile.cpp (1193)
Error - E:C0650002 - 00000000
Data  -  -  -  -  -  -  -  -  -  -  -  -  -  -  -  -  -  -  -  -
The symbol named _s_diag_RegisterExtError is not in the symbol table
________________________________________________________________
XThrow                             [Fri, Sep 01, 2017  13:28:16]

PID   - 13876
File  - H:\IOB_Unity\Sdk\Schneider_Tools\share\AppBuild\iob_objmaker\OFFObjFile.cpp (1193)
Error - E:C0650002 - 00000000
Data  -  -  -  -  -  -  -  -  -  -  -  -  -  -  -  -  -  -  -  -
The symbol named _s_set_ffb_error_addi is not in the symbol table
________________________________________________________________
XThrow                             [Fri, Sep 01, 2017  13:28:16]

PID   - 13876
File  - H:\IOB_Unity\Sdk\Schneider_Tools\share\AppBuild\iob_objmaker\OFFObjFile.cpp (1193)
Error - E:C0650002 - 00000000
Data  -  -  -  -  -  -  -  -  -  -  -  -  -  -  -  -  -  -  -  -
The symbol named _s_diag_RegFbError is not in the symbol table
________________________________________________________________
XThrow                             [Fri, Sep 01, 2017  13:28:16]

PID   - 13876
File  - H:\IOB_Unity\Sdk\Schneider_Tools\share\AppBuild\iob_objmaker\OFFObjFile.cpp (1193)
Error - E:C0650002 - 00000000
Data  -  -  -  -  -  -  -  -  -  -  -  -  -  -  -  -  -  -  -  -
The symbol named _$P$ptr_sys_call is not in the symbol table
________________________________________________________________
XThrow                             [Fri, Sep 01, 2017  13:28:16]

PID   - 13876
File  - H:\IOB_Unity\Sdk\Schneider_Tools\share\AppBuild\iob_objmaker\OFFObjFile.cpp (1193)
Error - E:C0650002 - 00000000
Data  -  -  -  -  -  -  -  -  -  -  -  -  -  -  -  -  -  -  -  -
The symbol named _cllbk_label is not in the symbol table
________________________________________________________________
XThrow                             [Fri, Sep 01, 2017  13:28:16]

PID   - 13876
File  - H:\IOB_Unity\Sdk\Schneider_Tools\share\AppBuild\iob_objmaker\OFFObjFile.cpp (1193)
Error - E:C0650002 - 00000000
Data  -  -  -  -  -  -  -  -  -  -  -  -  -  -  -  -  -  -  -  -
The symbol named _$$Ocllbk_label is not in the symbol table
________________________________________________________________

S T O P                            [Fri, Sep 01, 2017  13:28:16]

Schneider Automation PLink program ver 2.5 - PID 13876
================================================================




================================================================
Schneider Automation PLink program ver 2.5 - PID 1644

S T A R T                          [Fri, Sep 01, 2017  13:28:16]
________________________________________________________________
XThrow                             [Fri, Sep 01, 2017  13:28:16]

PID   - 1644
File  - H:\IOB_Unity\Sdk\Schneider_Tools\share\AppBuild\iob_objmaker\OFFObjFile.cpp (1193)
Error - E:C0650002 - 00000000
Data  -  -  -  -  -  -  -  -  -  -  -  -  -  -  -  -  -  -  -  -
The symbol named _INTEGRATOR_DR is not in the symbol table
________________________________________________________________
XThrow                             [Fri, Sep 01, 2017  13:28:16]

PID   - 1644
File  - H:\IOB_Unity\Sdk\Schneider_Tools\share\AppBuild\iob_objmaker\OFFObjFile.cpp (1193)
Error - E:C0650002 - 00000000
Data  -  -  -  -  -  -  -  -  -  -  -  -  -  -  -  -  -  -  -  -
The symbol named _INTEGRATOR_DR_label is not in the symbol table
________________________________________________________________
XThrow                             [Fri, Sep 01, 2017  13:28:16]

PID   - 1644
File  - H:\IOB_Unity\Sdk\Schneider_Tools\share\AppBuild\iob_objmaker\OFFObjFile.cpp (1193)
Error - E:C0650002 - 00000000
Data  -  -  -  -  -  -  -  -  -  -  -  -  -  -  -  -  -  -  -  -
The symbol named _INTEGRATOR_DR_fconst_0 is not in the symbol table
________________________________________________________________
XThrow                             [Fri, Sep 01, 2017  13:28:16]

PID   - 1644
File  - H:\IOB_Unity\Sdk\Schneider_Tools\share\AppBuild\iob_objmaker\OFFObjFile.cpp (1193)
Error - E:C0650002 - 00000000
Data  -  -  -  -  -  -  -  -  -  -  -  -  -  -  -  -  -  -  -  -
The symbol named _INTEGRATOR_DR_fconst_1000 is not in the symbol table
________________________________________________________________
XThrow                             [Fri, Sep 01, 2017  13:28:16]

PID   - 1644
File  - H:\IOB_Unity\Sdk\Schneider_Tools\share\AppBuild\iob_objmaker\OFFObjFile.cpp (1193)
Error - E:C0650002 - 00000000
Data  -  -  -  -  -  -  -  -  -  -  -  -  -  -  -  -  -  -  -  -
The symbol named _INTEGRATOR_DR_fconst_2 is not in the symbol table
________________________________________________________________

S T O P                            [Fri, Sep 01, 2017  13:28:16]

Schneider Automation PLink program ver 2.5 - PID 1644
================================================================




================================================================
Schneider Automation PLink program ver 2.5 - PID 10616

S T A R T                          [Fri, Sep 01, 2017  13:28:16]
________________________________________________________________

S T O P                            [Fri, Sep 01, 2017  13:28:16]

Schneider Automation PLink program ver 2.5 - PID 10616
================================================================




================================================================
Schneider Automation PLink program ver 2.5 - PID 1380

S T A R T                          [Fri, Sep 01, 2017  13:28:16]
________________________________________________________________

S T O P                            [Fri, Sep 01, 2017  13:28:16]

Schneider Automation PLink program ver 2.5 - PID 1380
================================================================


